c:\users\eibis\documents\visual studio 2015\projects\opengldemo\opengldemo\debug\opengldemo.pch
c:\users\eibis\documents\visual studio 2015\projects\opengldemo\opengldemo\debug\vc140.pdb
c:\users\eibis\documents\visual studio 2015\projects\opengldemo\opengldemo\debug\vc140.idb
c:\users\eibis\documents\visual studio 2015\projects\opengldemo\opengldemo\debug\stdafx.obj
c:\users\eibis\documents\visual studio 2015\projects\opengldemo\opengldemo\debug\opengldemo.obj
c:\users\eibis\documents\visual studio 2015\projects\opengldemo\opengldemo\debug\cubehandler.obj
c:\users\eibis\documents\visual studio 2015\projects\opengldemo\opengldemo\debug\cube.obj
c:\users\eibis\documents\visual studio 2015\projects\opengldemo\debug\opengldemo.pdb
c:\users\eibis\documents\visual studio 2015\projects\opengldemo\opengldemo\debug\opengldemo.tlog\cl.command.1.tlog
c:\users\eibis\documents\visual studio 2015\projects\opengldemo\opengldemo\debug\opengldemo.tlog\cl.read.1.tlog
c:\users\eibis\documents\visual studio 2015\projects\opengldemo\opengldemo\debug\opengldemo.tlog\cl.write.1.tlog
c:\users\eibis\documents\visual studio 2015\projects\opengldemo\opengldemo\debug\opengldemo.tlog\link.13360-cvtres.read.1.tlog
c:\users\eibis\documents\visual studio 2015\projects\opengldemo\opengldemo\debug\opengldemo.tlog\link.13360-cvtres.write.1.tlog
c:\users\eibis\documents\visual studio 2015\projects\opengldemo\opengldemo\debug\opengldemo.tlog\link.13360-rc.read.1.tlog
c:\users\eibis\documents\visual studio 2015\projects\opengldemo\opengldemo\debug\opengldemo.tlog\link.13360-rc.write.1.tlog
c:\users\eibis\documents\visual studio 2015\projects\opengldemo\opengldemo\debug\opengldemo.tlog\link.13360.read.1.tlog
c:\users\eibis\documents\visual studio 2015\projects\opengldemo\opengldemo\debug\opengldemo.tlog\link.13360.write.1.tlog
c:\users\eibis\documents\visual studio 2015\projects\opengldemo\opengldemo\debug\opengldemo.tlog\link.command.1.tlog
c:\users\eibis\documents\visual studio 2015\projects\opengldemo\opengldemo\debug\opengldemo.tlog\link.read.1.tlog
c:\users\eibis\documents\visual studio 2015\projects\opengldemo\opengldemo\debug\opengldemo.tlog\link.write.1.tlog
